\BOOKMARK [1][-]{section.0.1}{\376\377\000I\000n\000t\000r\000o\000d\000u\000c\000t\000i\000o\000n}{}% 1
\BOOKMARK [2][-]{subsection.0.1.1}{\376\377\000O\000v\000e\000r\000v\000i\000e\000w\000\040\000o\000f\000\040\000t\000h\000e\000\040\000P\000r\000o\000p\000o\000s\000e\000d\000\040\000M\000e\000t\000h\000o\000d}{section.0.1}% 2
\BOOKMARK [2][-]{subsection.0.1.2}{\376\377\000R\000e\000l\000a\000t\000e\000d\000\040\000W\000o\000r\000k\000s}{section.0.1}% 3
\BOOKMARK [1][-]{section.0.2}{\376\377\000T\000h\000e\000\040\000m\000a\000r\000t\000i\000n\000g\000a\000l\000e\000\040\000M\000a\000x\000i\000m\000u\000m\000\040\000M\000e\000a\000n\000\040\000D\000i\000s\000c\000r\000e\000p\000a\000n\000c\000y\000\040\000\050\000m\000M\000M\000D\000\051\000\040\000T\000e\000s\000t}{}% 4
\BOOKMARK [2][-]{subsection.0.2.1}{\376\377\000P\000r\000e\000l\000i\000m\000i\000n\000a\000r\000i\000e\000s}{section.0.2}% 5
\BOOKMARK [2][-]{subsection.0.2.2}{\376\377\000D\000e\000r\000i\000v\000i\000n\000g\000\040\000t\000h\000e\000\040\000m\000M\000M\000D\000\040\000t\000e\000s\000t}{section.0.2}% 6
\BOOKMARK [1][-]{section.0.3}{\376\377\000A\000s\000y\000m\000p\000t\000o\000t\000i\000c\000\040\000N\000u\000l\000l\000\040\000D\000i\000s\000t\000r\000i\000b\000u\000t\000i\000o\000n\000\040\000o\000f\000\040\000m\000M\000M\000D\000\040\000T\000e\000s\000t\000\040\000S\000t\000a\000t\000i\000s\000t\000i\000c}{}% 7
\BOOKMARK [1][-]{section.0.4}{\376\377\000C\000o\000n\000s\000i\000s\000t\000e\000n\000c\000y\000\040\000o\000f\000\040\000t\000h\000e\000\040\000m\000M\000M\000D\000\040\000T\000e\000s\000t}{}% 8
\BOOKMARK [1][-]{section.0.5}{\376\377\000D\000i\000s\000t\000r\000i\000b\000u\000t\000i\000o\000n\000\040\000u\000n\000d\000e\000r\000\040\000t\000h\000e\000\040\000a\000l\000t\000e\000r\000n\000a\000t\000i\000v\000e}{}% 9
\BOOKMARK [1][-]{section.0.6}{\376\377\000E\000x\000p\000e\000r\000i\000m\000e\000n\000t\000s}{}% 10
\BOOKMARK [2][-]{subsection.0.6.1}{\376\377\000L\000i\000m\000i\000t\000i\000n\000g\000\040\000N\000u\000l\000l\000\040\000D\000i\000s\000t\000r\000i\000b\000u\000t\000i\000o\000n\000\040\000o\000f\000\040\000n}{section.0.6}% 11
\BOOKMARK [2][-]{subsection.0.6.2}{\376\377\000P\000o\000w\000e\000r\000\040\000E\000x\000p\000e\000r\000i\000m\000e\000n\000t\000s}{section.0.6}% 12
\BOOKMARK [2][-]{subsection.0.6.3}{\376\377\000R\000e\000a\000l\000\040\000D\000a\000t\000a\000\040\000E\000x\000p\000e\000r\000i\000m\000e\000n\000t}{section.0.6}% 13
\BOOKMARK [1][-]{section.0.7}{\376\377\000E\000x\000t\000e\000n\000s\000i\000o\000n\000s}{}% 14
\BOOKMARK [2][-]{subsection.0.7.1}{\376\377\000m\000m\000M\000M\000D\000:\000\040\000M\000u\000l\000t\000i\000-\000k\000e\000r\000n\000e\000l\000\040\000t\000e\000s\000t\000\040\000u\000s\000i\000n\000g\000\040\000m\000M\000M\000D}{section.0.7}% 15
\BOOKMARK [2][-]{subsection.0.7.2}{\376\377\000G\000e\000n\000e\000r\000a\000l\000i\000z\000i\000n\000g\000\040\000t\000h\000e\000\040\000m\000M\000M\000D\000\040\000S\000t\000a\000t\000i\000s\000t\000i\000c}{section.0.7}% 16
\BOOKMARK [1][-]{section.0.8}{\376\377\000C\000o\000n\000c\000l\000u\000s\000i\000o\000n\000\040\000a\000n\000d\000\040\000F\000u\000t\000u\000r\000e\000\040\000W\000o\000r\000k}{}% 17
\BOOKMARK [1][-]{section.0.A}{\376\377\000A\000\040\000g\000e\000n\000e\000r\000a\000l\000\040\000c\000l\000a\000s\000s\000\040\000o\000f\000\040\000M\000a\000r\000t\000i\000n\000g\000a\000l\000e\000\040\000b\000a\000s\000e\000d\000\040\000M\000M\000D\000\040\000t\000w\000o\000-\000s\000a\000m\000p\000l\000e\000\040\000t\000e\000s\000t}{}% 18
\BOOKMARK [2][-]{subsection.0.A.1}{\376\377\000A\000s\000y\000m\000p\000t\000o\000t\000i\000c\000\040\000N\000u\000l\000l\000\040\000D\000i\000s\000t\000r\000i\000b\000u\000t\000i\000o\000n\000\040\000o\000f\000\040\000T\000n\000,}{section.0.A}% 19
\BOOKMARK [2][-]{subsection.0.A.2}{\376\377\000C\000o\000n\000s\000i\000s\000t\000e\000n\000c\000y\000\040\000a\000g\000a\000i\000n\000s\000t\000\040\000f\000i\000x\000e\000d\000\040\000a\000l\000t\000e\000r\000n\000a\000t\000i\000v\000e\000s}{section.0.A}% 20
\BOOKMARK [2][-]{subsection.0.A.3}{\376\377\000M\000i\000n\000i\000m\000a\000x\000\040\000o\000p\000t\000i\000m\000a\000l\000i\000t\000y\000\040\000a\000g\000a\000i\000n\000s\000t\000\040\000s\000m\000o\000o\000t\000h\000\040\000l\000o\000c\000a\000l\000\040\000a\000l\000t\000e\000r\000n\000a\000t\000i\000v\000e\000s}{section.0.A}% 21
\BOOKMARK [1][-]{section.0.B}{\376\377\000A\000d\000d\000i\000t\000i\000o\000n\000a\000l\000\040\000E\000x\000p\000e\000r\000i\000m\000e\000n\000t\000s}{}% 22
\BOOKMARK [2][-]{subsection.0.B.1}{\376\377\000C\000o\000m\000p\000a\000r\000i\000n\000g\000\040\000p\000e\000r\000f\000o\000r\000m\000a\000n\000c\000e\000\040\000o\000f\000\040\000T\000n\000,\000\040\000f\000o\000r\000\040\000d\000i\000f\000f\000e\000r\000e\000n\000t\000\040}{section.0.B}% 23
\BOOKMARK [2][-]{subsection.0.B.2}{\376\377\000T\000y\000p\000e\000-\000I\000\040\000v\000a\000l\000i\000d\000i\000t\000y\000\040\000o\000f\000\040\000m\000M\000M\000D}{section.0.B}% 24
\BOOKMARK [2][-]{subsection.0.B.3}{\376\377\000P\000e\000r\000f\000o\000r\000m\000a\000n\000c\000e\000\040\000i\000n\000\040\000m\000i\000n\000i\000m\000a\000x\000\040\000r\000e\000g\000i\000m\000e}{section.0.B}% 25
\BOOKMARK [1][-]{section.0.C}{\376\377\000P\000r\000o\000o\000f\000\040\000o\000f\000\040\000r\000e\000s\000u\000l\000t\000s\000\040\000f\000r\000o\000m\000\040\000S\000e\000c\000t\000i\000o\000n\000\040\000A}{}% 26
\BOOKMARK [2][-]{subsection.0.C.1}{\376\377\000P\000r\000o\000o\000f\000\040\000o\000f\000\040\000T\000h\000e\000o\000r\000e\000m\000\040\0001\0002}{section.0.C}% 27
\BOOKMARK [2][-]{subsection.0.C.2}{\376\377\000P\000r\000o\000o\000f\000\040\000o\000f\000\040\000T\000h\000e\000o\000r\000e\000m\000\040\0001\0005}{section.0.C}% 28
\BOOKMARK [2][-]{subsection.0.C.3}{\376\377\000P\000r\000o\000o\000f\000\040\000o\000f\000\040\000T\000h\000e\000o\000r\000e\000m\000\040\0001\0006}{section.0.C}% 29
\BOOKMARK [1][-]{section.0.D}{\376\377\000P\000r\000o\000o\000f\000\040\000o\000f\000\040\000T\000h\000e\000o\000r\000e\000m\000\040\0006\000\040\000a\000n\000d\000\040\000T\000h\000e\000o\000r\000e\000m\000\040\0008}{}% 30
\BOOKMARK [2][-]{subsection.0.D.1}{\376\377\000P\000r\000o\000o\000f\000\040\000o\000f\000\040\000T\000h\000e\000o\000r\000e\000m\000\040\0006}{section.0.D}% 31
\BOOKMARK [2][-]{subsection.0.D.2}{\376\377\000P\000r\000o\000o\000f\000\040\000o\000f\000\040\000T\000h\000e\000o\000r\000e\000m\000\040\0008}{section.0.D}% 32
\BOOKMARK [1][-]{section.0.E}{\376\377\000T\000e\000c\000h\000n\000i\000c\000a\000l\000\040\000R\000e\000s\000u\000l\000t\000s}{}% 33
